<?xml version="1.0" encoding="UTF-8"?>
<!-- Generated by org.testng.reporters.JUnitReportReporter -->
<testsuite skipped="1" hostname="LAPTOP-JF65BFTU" name="SeleniumTestPackage.LoginClass" tests="2" failures="0" timestamp="5 Dec 2021 14:15:01 GMT" time="0.005" errors="1">
  <testcase name="testlogin" time="0.005" classname="SeleniumTestPackage.LoginClass">
    <skipped/>
  </testcase> <!-- testlogin -->
  <testcase name="setup" time="0.000" classname="SeleniumTestPackage.LoginClass">
    <error type="org.openqa.selenium.SessionNotCreatedException" message="session not created: This version of ChromeDriver only supports Chrome version 94
Current browser version is 96.0.4664.45 with binary path C:\Program Files\Google\Chrome\Application\chrome.exe
Build info: version: &#039;3.141.59&#039;, revision: &#039;e82be7d358&#039;, time: &#039;2018-11-14T08:17:03&#039;
System info: host: &#039;LAPTOP-JF65BFTU&#039;, ip: &#039;192.168.90.175&#039;, os.name: &#039;Windows 10&#039;, os.arch: &#039;amd64&#039;, os.version: &#039;10.0&#039;, java.version: &#039;1.8.0_301&#039;
Driver info: driver.version: ChromeDriver
remote stacktrace: Backtrace:
	Ordinal0 [0x00C0BDE3+2473443]
	Ordinal0 [0x00BA6661+2057825]
	Ordinal0 [0x00AB2438+1057848]
	Ordinal0 [0x00AD054A+1181002]
	Ordinal0 [0x00ACC435+1164341]
	Ordinal0 [0x00AC9CAF+1154223]
	Ordinal0 [0x00AF9ADF+1350367]
	Ordinal0 [0x00AF974A+1349450]
	Ordinal0 [0x00AF55AB+1332651]
	Ordinal0 [0x00AD2104+1188100]
	Ordinal0 [0x00AD2F59+1191769]
	GetHandleVerifier [0x00D92266+1549718]
	GetHandleVerifier [0x00E3D4A7+2250711]
	GetHandleVerifier [0x00C9718B+521403]
	GetHandleVerifier [0x00C96229+517465]
	Ordinal0 [0x00BAB79D+2078621]
	Ordinal0 [0x00BAFB58+2095960]
	Ordinal0 [0x00BAFC92+2096274]
	Ordinal0 [0x00BB9541+2135361]
	BaseThreadInitThunk [0x76686739+25]
	RtlGetFullPathName_UEx [0x778A8AFF+1215]
	RtlGetFullPathName_UEx [0x778A8ACD+1165]
">
      <![CDATA[org.openqa.selenium.SessionNotCreatedException: session not created: This version of ChromeDriver only supports Chrome version 94
Current browser version is 96.0.4664.45 with binary path C:\Program Files\Google\Chrome\Application\chrome.exe
Build info: version: '3.141.59', revision: 'e82be7d358', time: '2018-11-14T08:17:03'
System info: host: 'LAPTOP-JF65BFTU', ip: '192.168.90.175', os.name: 'Windows 10', os.arch: 'amd64', os.version: '10.0', java.version: '1.8.0_301'
Driver info: driver.version: ChromeDriver
remote stacktrace: Backtrace:
	Ordinal0 [0x00C0BDE3+2473443]
	Ordinal0 [0x00BA6661+2057825]
	Ordinal0 [0x00AB2438+1057848]
	Ordinal0 [0x00AD054A+1181002]
	Ordinal0 [0x00ACC435+1164341]
	Ordinal0 [0x00AC9CAF+1154223]
	Ordinal0 [0x00AF9ADF+1350367]
	Ordinal0 [0x00AF974A+1349450]
	Ordinal0 [0x00AF55AB+1332651]
	Ordinal0 [0x00AD2104+1188100]
	Ordinal0 [0x00AD2F59+1191769]
	GetHandleVerifier [0x00D92266+1549718]
	GetHandleVerifier [0x00E3D4A7+2250711]
	GetHandleVerifier [0x00C9718B+521403]
	GetHandleVerifier [0x00C96229+517465]
	Ordinal0 [0x00BAB79D+2078621]
	Ordinal0 [0x00BAFB58+2095960]
	Ordinal0 [0x00BAFC92+2096274]
	Ordinal0 [0x00BB9541+2135361]
	BaseThreadInitThunk [0x76686739+25]
	RtlGetFullPathName_UEx [0x778A8AFF+1215]
	RtlGetFullPathName_UEx [0x778A8ACD+1165]

	at sun.reflect.NativeConstructorAccessorImpl.newInstance0(Native Method)
	at sun.reflect.NativeConstructorAccessorImpl.newInstance(Unknown Source)
	at sun.reflect.DelegatingConstructorAccessorImpl.newInstance(Unknown Source)
	at java.lang.reflect.Constructor.newInstance(Unknown Source)
	at org.openqa.selenium.remote.W3CHandshakeResponse.lambda$errorHandler$0(W3CHandshakeResponse.java:62)
	at org.openqa.selenium.remote.HandshakeResponse.lambda$getResponseFunction$0(HandshakeResponse.java:30)
	at org.openqa.selenium.remote.ProtocolHandshake.lambda$createSession$0(ProtocolHandshake.java:126)
	at java.util.stream.ReferencePipeline$3$1.accept(Unknown Source)
	at java.util.Spliterators$ArraySpliterator.tryAdvance(Unknown Source)
	at java.util.stream.ReferencePipeline.forEachWithCancel(Unknown Source)
	at java.util.stream.AbstractPipeline.copyIntoWithCancel(Unknown Source)
	at java.util.stream.AbstractPipeline.copyInto(Unknown Source)
	at java.util.stream.AbstractPipeline.wrapAndCopyInto(Unknown Source)
	at java.util.stream.FindOps$FindOp.evaluateSequential(Unknown Source)
	at java.util.stream.AbstractPipeline.evaluate(Unknown Source)
	at java.util.stream.ReferencePipeline.findFirst(Unknown Source)
	at org.openqa.selenium.remote.ProtocolHandshake.createSession(ProtocolHandshake.java:128)
	at org.openqa.selenium.remote.ProtocolHandshake.createSession(ProtocolHandshake.java:74)
	at org.openqa.selenium.remote.HttpCommandExecutor.execute(HttpCommandExecutor.java:136)
	at org.openqa.selenium.remote.service.DriverCommandExecutor.execute(DriverCommandExecutor.java:83)
	at org.openqa.selenium.remote.RemoteWebDriver.execute(RemoteWebDriver.java:552)
	at org.openqa.selenium.remote.RemoteWebDriver.startSession(RemoteWebDriver.java:213)
	at org.openqa.selenium.remote.RemoteWebDriver.<init>(RemoteWebDriver.java:131)
	at org.openqa.selenium.chrome.ChromeDriver.<init>(ChromeDriver.java:181)
	at org.openqa.selenium.chrome.ChromeDriver.<init>(ChromeDriver.java:147)
	at SeleniumBaseClass.BaseClass.setup(BaseClass.java:31)
	at sun.reflect.NativeMethodAccessorImpl.invoke0(Native Method)
	at sun.reflect.NativeMethodAccessorImpl.invoke(Unknown Source)
	at sun.reflect.DelegatingMethodAccessorImpl.invoke(Unknown Source)
	at java.lang.reflect.Method.invoke(Unknown Source)
	at org.testng.internal.MethodInvocationHelper.invokeMethod(MethodInvocationHelper.java:100)
	at org.testng.internal.Invoker.invokeConfigurationMethod(Invoker.java:515)
	at org.testng.internal.Invoker.invokeConfigurations(Invoker.java:216)
	at org.testng.internal.Invoker.invokeMethod(Invoker.java:590)
	at org.testng.internal.Invoker.invokeTestMethod(Invoker.java:811)
	at org.testng.internal.Invoker.invokeTestMethods(Invoker.java:1137)
	at org.testng.internal.TestMethodWorker.invokeTestMethods(TestMethodWorker.java:129)
	at org.testng.internal.TestMethodWorker.run(TestMethodWorker.java:112)
	at org.testng.TestRunner.privateRun(TestRunner.java:753)
	at org.testng.TestRunner.run(TestRunner.java:607)
	at org.testng.SuiteRunner.runTest(SuiteRunner.java:368)
	at org.testng.SuiteRunner.runSequentially(SuiteRunner.java:363)
	at org.testng.SuiteRunner.privateRun(SuiteRunner.java:321)
	at org.testng.SuiteRunner.run(SuiteRunner.java:270)
	at org.testng.SuiteRunnerWorker.runSuite(SuiteRunnerWorker.java:52)
	at org.testng.SuiteRunnerWorker.run(SuiteRunnerWorker.java:86)
	at org.testng.TestNG.runSuitesSequentially(TestNG.java:1284)
	at org.testng.TestNG.runSuitesLocally(TestNG.java:1209)
	at org.testng.TestNG.runSuites(TestNG.java:1124)
	at org.testng.TestNG.run(TestNG.java:1096)
	at org.testng.remote.AbstractRemoteTestNG.run(AbstractRemoteTestNG.java:132)
	at org.testng.remote.RemoteTestNG.initAndRun(RemoteTestNG.java:236)
	at org.testng.remote.RemoteTestNG.main(RemoteTestNG.java:81)
]]>
    </error>
  </testcase> <!-- setup -->
</testsuite> <!-- SeleniumTestPackage.LoginClass -->
